#
# There is insufficient memory for the Java Runtime Environment to continue.
# Native memory allocation (mmap) failed to map 65536 bytes for Failed to commit metaspace.
# Possible reasons:
#   The system is out of physical RAM or swap space
#   The process is running with CompressedOops enabled, and the Java Heap may be blocking the growth of the native heap
# Possible solutions:
#   Reduce memory load on the system
#   Increase physical memory or swap space
#   Check if swap backing store is full
#   Decrease Java heap size (-Xmx/-Xms)
#   Decrease number of Java threads
#   Decrease Java thread stack sizes (-Xss)
#   Set larger code cache with -XX:ReservedCodeCacheSize=
#   JVM is running with Unscaled Compressed Oops mode in which the Java heap is
#     placed in the first 4GB address space. The Java Heap base address is the
#     maximum limit for the native heap growth. Please use -XX:HeapBaseMinAddress
#     to set the Java Heap base and to place the Java Heap above 4GB virtual address.
# This output file may be truncated or incomplete.
#
#  Out of Memory Error (virtualSpaceNode.cpp:110), pid=5600, tid=10248
#
# JRE version: OpenJDK Runtime Environment Temurin-17.0.9+9 (17.0.9+9) (build 17.0.9+9)
# Java VM: OpenJDK 64-Bit Server VM Temurin-17.0.9+9 (17.0.9+9, mixed mode, emulated-client, tiered, compressed oops, compressed class ptrs, g1 gc, windows-amd64)
# No core dump will be written. Minidumps are not enabled by default on client versions of Windows
#

---------------  S U M M A R Y ------------

Command Line: -Dcom.sun.management.jmxremote -Dcom.sun.management.jmxremote.port=63280 -Dcom.sun.management.jmxremote.authenticate=false -Dcom.sun.management.jmxremote.ssl=false -Djava.rmi.server.hostname=localhost -Dspring.jmx.enabled=true -Dmanagement.endpoints.jmx.exposure.include=* -Dspring.application.admin.enabled=true -XX:TieredStopAtLevel=1 -Dspring.boot.project.name=SystemAdmin -Dfile.encoding=UTF-8 -Dstdout.encoding=UTF-8 -Dstderr.encoding=UTF-8 -XX:+ShowCodeDetailsInExceptionMessages com.diamondvaluation.admin.SystemAdminApplication --spring.output.ansi.enabled=always

Host: 11th Gen Intel(R) Core(TM) i7-11800H @ 2.30GHz, 16 cores, 7G,  Windows 11 , 64 bit Build 22621 (10.0.22621.3527)
Time: Mon May 13 15:39:35 2024 SE Asia Standard Time elapsed time: 0.423273 seconds (0d 0h 0m 0s)

---------------  T H R E A D  ---------------

Current thread (0x0000022c7295fa80):  JavaThread "main" [_thread_in_vm, id=10248, stack(0x0000007c77700000,0x0000007c77800000)]

Stack: [0x0000007c77700000,0x0000007c77800000]
Native frames: (J=compiled Java code, j=interpreted, Vv=VM code, C=native code)
V  [jvm.dll+0x67cf49]
V  [jvm.dll+0x83478a]
V  [jvm.dll+0x83624e]
V  [jvm.dll+0x8368b3]
V  [jvm.dll+0x247f1f]
V  [jvm.dll+0x83044b]
V  [jvm.dll+0x621776]
V  [jvm.dll+0x1c1fee]
V  [jvm.dll+0x6240d1]
V  [jvm.dll+0x622116]
V  [jvm.dll+0x24588c]
V  [jvm.dll+0x6d3dfd]
V  [jvm.dll+0x6d483f]
V  [jvm.dll+0x373e84]
V  [jvm.dll+0x373cf6]
V  [jvm.dll+0x372f04]
V  [jvm.dll+0x372ea8]
V  [jvm.dll+0x382e8a]
C  0x0000022c7602993b

The last pc belongs to new (printed below).
Java frames: (J=compiled Java code, j=interpreted, Vv=VM code)
j  org.springframework.boot.context.logging.LoggingApplicationListener.<clinit>()V+57
v  ~StubRoutines::call_stub
j  jdk.internal.reflect.NativeConstructorAccessorImpl.newInstance0(Ljava/lang/reflect/Constructor;[Ljava/lang/Object;)Ljava/lang/Object;+0 java.base@17.0.9
j  jdk.internal.reflect.NativeConstructorAccessorImpl.newInstance([Ljava/lang/Object;)Ljava/lang/Object;+118 java.base@17.0.9
j  jdk.internal.reflect.DelegatingConstructorAccessorImpl.newInstance([Ljava/lang/Object;)Ljava/lang/Object;+5 java.base@17.0.9
j  java.lang.reflect.Constructor.newInstanceWithCaller([Ljava/lang/Object;ZLjava/lang/Class;)Ljava/lang/Object;+65 java.base@17.0.9
j  java.lang.reflect.Constructor.newInstance([Ljava/lang/Object;)Ljava/lang/Object;+30 java.base@17.0.9
j  org.springframework.core.io.support.SpringFactoriesLoader$FactoryInstantiator.instantiate(Lorg/springframework/core/io/support/SpringFactoriesLoader$ArgumentResolver;)Ljava/lang/Object;+33
j  org.springframework.core.io.support.SpringFactoriesLoader.instantiateFactory(Ljava/lang/String;Ljava/lang/Class;Lorg/springframework/core/io/support/SpringFactoriesLoader$ArgumentResolver;Lorg/springframework/core/io/support/SpringFactoriesLoader$FailureHandler;)Ljava/lang/Object;+36
j  org.springframework.core.io.support.SpringFactoriesLoader.load(Ljava/lang/Class;Lorg/springframework/core/io/support/SpringFactoriesLoader$ArgumentResolver;Lorg/springframework/core/io/support/SpringFactoriesLoader$FailureHandler;)Ljava/util/List;+99
j  org.springframework.core.io.support.SpringFactoriesLoader.load(Ljava/lang/Class;Lorg/springframework/core/io/support/SpringFactoriesLoader$ArgumentResolver;)Ljava/util/List;+4
j  org.springframework.boot.SpringApplication.getSpringFactoriesInstances(Ljava/lang/Class;Lorg/springframework/core/io/support/SpringFactoriesLoader$ArgumentResolver;)Ljava/util/List;+9
j  org.springframework.boot.SpringApplication.getSpringFactoriesInstances(Ljava/lang/Class;)Ljava/util/List;+3
j  org.springframework.boot.SpringApplication.<init>(Lorg/springframework/core/io/ResourceLoader;[Ljava/lang/Class;)V+142
j  org.springframework.boot.SpringApplication.<init>([Ljava/lang/Class;)V+3
j  org.springframework.boot.SpringApplication.run([Ljava/lang/Class;[Ljava/lang/String;)Lorg/springframework/context/ConfigurableApplicationContext;+5
j  org.springframework.boot.SpringApplication.run(Ljava/lang/Class;[Ljava/lang/String;)Lorg/springframework/context/ConfigurableApplicationContext;+9
j  com.diamondvaluation.admin.SystemAdminApplication.main([Ljava/lang/String;)V+3
v  ~StubRoutines::call_stub
new  187 new  [0x0000022c760297a0, 0x0000022c760299c0]  544 bytes
[MachCode]
  0x0000022c760297a0: 4883 ec08 | c5fa 1104 | 24eb 1f48 | 83ec 10c5 | fb11 0424 | eb14 4883 | ec10 4889 | 0424 48c7 
  0x0000022c760297c0: 4424 0800 | 0000 00eb | 0150 410f | b755 010f | cac1 ea10 | 488b 4de8 | 488b 4908 | 488b 4908 
  0x0000022c760297e0: 488b 4108 | 807c 1004 | 070f 85d6 | 0000 0066 | 8b54 d148 | 488b 4928 | 488b 4cd1 | 0851 80b9 
  0x0000022c76029800: 3301 0000 | 040f 85b9 | 0000 008b | 5108 f7c2 | 0100 0000 | 0f85 aa00 | 0000 498b | 8708 0100 
  0x0000022c76029820: 0048 8d1c | 1049 3b9f | 1801 0000 | 0f87 9200 | 0000 4989 | 9f08 0100 | 00e9 0000 | 0000 4883 
  0x0000022c76029840: ea10 0f84 | 0f00 0000 | 33c9 c1ea | 0348 894c | d008 48ff | ca75 f648 | c700 0100 | 0000 5933 
  0x0000022c76029860: f689 700c | 48c1 e903 | 8948 0849 | ba2f 352f | b3fc 7f00 | 0041 803a | 000f 8440 | 0000 0050 
  0x0000022c76029880: 488b c848 | 83ec 20f7 | c40f 0000 | 000f 841a | 0000 0048 | 83ec 0849 | bae0 2be5 | b2fc 7f00 
  0x0000022c760298a0: 0041 ffd2 | 4883 c408 | e90d 0000 | 0049 bae0 | 2be5 b2fc | 7f00 0041 | ffd2 4883 | c420 58e9 
  0x0000022c760298c0: cd00 0000 | 5948 8b55 | e848 8b52 | 0848 8b52 | 0845 0fb7 | 4501 410f | c841 c1e8 | 10e8 0500 
  0x0000022c760298e0: 0000 e9aa | 0000 0048 | 8d44 2408 | 4c89 6dc0 | 498b cfc5 | f877 4989 | afa8 0200 | 0049 8987 
  0x0000022c76029900: 9802 0000 | 4883 ec20 | f7c4 0f00 | 0000 0f84 | 1a00 0000 | 4883 ec08 | 49ba 002e | afb2 fc7f 
  0x0000022c76029920: 0000 41ff | d248 83c4 | 08e9 0d00 | 0000 49ba | 002e afb2 | fc7f 0000 | 41ff d248 | 83c4 2049 
  0x0000022c76029940: c787 9802 | 0000 0000 | 0000 49c7 | 87a8 0200 | 0000 0000 | 0049 c787 | a002 0000 | 0000 0000 
  0x0000022c76029960: c5f8 7749 | 817f 0800 | 0000 000f | 8405 0000 | 00e9 8a75 | feff 498b | 87f0 0200 | 0049 c787 
  0x0000022c76029980: f002 0000 | 0000 0000 | 4c8b 6dc0 | 4c8b 75c8 | c341 0fb6 | 5d03 4983 | c503 49ba | 909a 31b3 
  0x0000022c760299a0: fc7f 0000 | 41ff 24da | 0000 0000 | 0000 0000 | 0000 0000 | 0000 0000 | 0000 0000 | 0000 0000 
[/MachCode]

---------------  P R O C E S S  ---------------

Threads class SMR info:
_java_thread_list=0x0000022c7fc7fd50, length=17, elements={
0x0000022c7295fa80, 0x0000022c7f04a010, 0x0000022c7f04f9f0, 0x0000022c7f06f690,
0x0000022c7f06ff60, 0x0000022c7f070920, 0x0000022c7f07b300, 0x0000022c7f07bd70,
0x0000022c7f07fc70, 0x0000022c7f185250, 0x0000022c7f1dcec0, 0x0000022c7f252d80,
0x0000022c7f98e9f0, 0x0000022c7f8d6710, 0x0000022c7f8e6150, 0x0000022c7f8d0810,
0x0000022c7fc7a960
}

Java Threads: ( => current thread )
=>0x0000022c7295fa80 JavaThread "main" [_thread_in_vm, id=10248, stack(0x0000007c77700000,0x0000007c77800000)]
  0x0000022c7f04a010 JavaThread "Reference Handler" daemon [_thread_blocked, id=11444, stack(0x0000007c77e00000,0x0000007c77f00000)]
  0x0000022c7f04f9f0 JavaThread "Finalizer" daemon [_thread_blocked, id=6672, stack(0x0000007c77f00000,0x0000007c78000000)]
  0x0000022c7f06f690 JavaThread "Signal Dispatcher" daemon [_thread_blocked, id=4660, stack(0x0000007c78000000,0x0000007c78100000)]
  0x0000022c7f06ff60 JavaThread "Attach Listener" daemon [_thread_blocked, id=7824, stack(0x0000007c78100000,0x0000007c78200000)]
  0x0000022c7f070920 JavaThread "Service Thread" daemon [_thread_blocked, id=14312, stack(0x0000007c78200000,0x0000007c78300000)]
  0x0000022c7f07b300 JavaThread "Monitor Deflation Thread" daemon [_thread_blocked, id=4068, stack(0x0000007c78300000,0x0000007c78400000)]
  0x0000022c7f07bd70 JavaThread "C1 CompilerThread0" daemon [_thread_blocked, id=10636, stack(0x0000007c78400000,0x0000007c78500000)]
  0x0000022c7f07fc70 JavaThread "Sweeper thread" daemon [_thread_blocked, id=5412, stack(0x0000007c78500000,0x0000007c78600000)]
  0x0000022c7f185250 JavaThread "Common-Cleaner" daemon [_thread_blocked, id=16652, stack(0x0000007c78600000,0x0000007c78700000)]
  0x0000022c7f1dcec0 JavaThread "C1 CompilerThread1" daemon [_thread_blocked, id=1988, stack(0x0000007c78700000,0x0000007c78800000)]
  0x0000022c7f252d80 JavaThread "Notification Thread" daemon [_thread_blocked, id=13336, stack(0x0000007c78800000,0x0000007c78900000)]
  0x0000022c7f98e9f0 JavaThread "C1 CompilerThread2" daemon [_thread_blocked, id=18800, stack(0x0000007c78900000,0x0000007c78a00000)]
  0x0000022c7f8d6710 JavaThread "RMI TCP Accept-0" daemon [_thread_in_native, id=19736, stack(0x0000007c78a00000,0x0000007c78b00000)]
  0x0000022c7f8e6150 JavaThread "RMI TCP Accept-63280" daemon [_thread_in_native, id=15884, stack(0x0000007c78b00000,0x0000007c78c00000)]
  0x0000022c7f8d0810 JavaThread "RMI TCP Accept-0" daemon [_thread_in_native, id=19148, stack(0x0000007c78c00000,0x0000007c78d00000)]
  0x0000022c7fc7a960 JavaThread "C1 CompilerThread3" daemon [_thread_blocked, id=15268, stack(0x0000007c78e00000,0x0000007c78f00000)]

Other Threads:
  0x0000022c7f029740 VMThread "VM Thread" [stack: 0x0000007c77d00000,0x0000007c77e00000] [id=20976]
  0x0000022c7f8e6630 WatcherThread [stack: 0x0000007c78d00000,0x0000007c78e00000] [id=13976]
  0x0000022c729bb380 GCTaskThread "GC Thread#0" [stack: 0x0000007c77800000,0x0000007c77900000] [id=2556]
  0x0000022c729cbe30 ConcurrentGCThread "G1 Main Marker" [stack: 0x0000007c77900000,0x0000007c77a00000] [id=5196]
  0x0000022c729cc750 ConcurrentGCThread "G1 Conc#0" [stack: 0x0000007c77a00000,0x0000007c77b00000] [id=14448]
  0x0000022c7ec4ea70 ConcurrentGCThread "G1 Refine#0" [stack: 0x0000007c77b00000,0x0000007c77c00000] [id=15228]
  0x0000022c7ec502c0 ConcurrentGCThread "G1 Service" [stack: 0x0000007c77c00000,0x0000007c77d00000] [id=10984]

Threads with active compile tasks:

VM state: not at safepoint (normal execution)

VM Mutex/Monitor currently owned by a thread:  ([mutex/lock_event])
[0x0000022c7294e2c0] Metaspace_lock - owner thread: 0x0000022c7295fa80

Heap address: 0x0000000085a00000, size: 1958 MB, Compressed Oops mode: 32-bit

CDS archive(s) not mapped
Compressed class space mapped at: 0x0000000100000000-0x0000000140000000, reserved size: 1073741824
Narrow klass base: 0x0000000000000000, Narrow klass shift: 3, Narrow klass range: 0x140000000

GC Precious Log:
 CPUs: 16 total, 16 available
 Memory: 7829M
 Large Page Support: Disabled
 NUMA Support: Disabled
 Compressed Oops: Enabled (32-bit)
 Heap Region Size: 1M
 Heap Min Capacity: 8M
 Heap Initial Capacity: 124M
 Heap Max Capacity: 1958M
 Pre-touch: Disabled
 Parallel Workers: 13
 Concurrent Workers: 3
 Concurrent Refinement Workers: 13
 Periodic GC: Disabled

Heap:
 garbage-first heap   total 126976K, used 20480K [0x0000000085a00000, 0x0000000100000000)
  region size 1024K, 21 young (21504K), 0 survivors (0K)
 Metaspace       used 15209K, committed 15360K, reserved 1114112K
  class space    used 1588K, committed 1664K, reserved 1048576K

Heap Regions: E=young(eden), S=young(survivor), O=old, HS=humongous(starts), HC=humongous(continues), CS=collection set, F=free, OA=open archive, CA=closed archive, TAMS=top-at-mark-start (previous, next)
|   0|0x0000000085a00000, 0x0000000085b00000, 0x0000000085b00000|100%|HS|  |TAMS 0x0000000085a00000, 0x0000000085a00000| Complete 
|   1|0x0000000085b00000, 0x0000000085b00000, 0x0000000085c00000|  0%| F|  |TAMS 0x0000000085b00000, 0x0000000085b00000| Untracked 
|   2|0x0000000085c00000, 0x0000000085c00000, 0x0000000085d00000|  0%| F|  |TAMS 0x0000000085c00000, 0x0000000085c00000| Untracked 
|   3|0x0000000085d00000, 0x0000000085d00000, 0x0000000085e00000|  0%| F|  |TAMS 0x0000000085d00000, 0x0000000085d00000| Untracked 
|   4|0x0000000085e00000, 0x0000000085e00000, 0x0000000085f00000|  0%| F|  |TAMS 0x0000000085e00000, 0x0000000085e00000| Untracked 
|   5|0x0000000085f00000, 0x0000000085f00000, 0x0000000086000000|  0%| F|  |TAMS 0x0000000085f00000, 0x0000000085f00000| Untracked 
|   6|0x0000000086000000, 0x0000000086000000, 0x0000000086100000|  0%| F|  |TAMS 0x0000000086000000, 0x0000000086000000| Untracked 
|   7|0x0000000086100000, 0x0000000086100000, 0x0000000086200000|  0%| F|  |TAMS 0x0000000086100000, 0x0000000086100000| Untracked 
|   8|0x0000000086200000, 0x0000000086200000, 0x0000000086300000|  0%| F|  |TAMS 0x0000000086200000, 0x0000000086200000| Untracked 
|   9|0x0000000086300000, 0x0000000086300000, 0x0000000086400000|  0%| F|  |TAMS 0x0000000086300000, 0x0000000086300000| Untracked 
|  10|0x0000000086400000, 0x0000000086400000, 0x0000000086500000|  0%| F|  |TAMS 0x0000000086400000, 0x0000000086400000| Untracked 
|  11|0x0000000086500000, 0x0000000086500000, 0x0000000086600000|  0%| F|  |TAMS 0x0000000086500000, 0x0000000086500000| Untracked 
|  12|0x0000000086600000, 0x0000000086600000, 0x0000000086700000|  0%| F|  |TAMS 0x0000000086600000, 0x0000000086600000| Untracked 
|  13|0x0000000086700000, 0x0000000086700000, 0x0000000086800000|  0%| F|  |TAMS 0x0000000086700000, 0x0000000086700000| Untracked 
|  14|0x0000000086800000, 0x0000000086800000, 0x0000000086900000|  0%| F|  |TAMS 0x0000000086800000, 0x0000000086800000| Untracked 
|  15|0x0000000086900000, 0x0000000086900000, 0x0000000086a00000|  0%| F|  |TAMS 0x0000000086900000, 0x0000000086900000| Untracked 
|  16|0x0000000086a00000, 0x0000000086a00000, 0x0000000086b00000|  0%| F|  |TAMS 0x0000000086a00000, 0x0000000086a00000| Untracked 
|  17|0x0000000086b00000, 0x0000000086b00000, 0x0000000086c00000|  0%| F|  |TAMS 0x0000000086b00000, 0x0000000086b00000| Untracked 
|  18|0x0000000086c00000, 0x0000000086c00000, 0x0000000086d00000|  0%| F|  |TAMS 0x0000000086c00000, 0x0000000086c00000| Untracked 
|  19|0x0000000086d00000, 0x0000000086d00000, 0x0000000086e00000|  0%| F|  |TAMS 0x0000000086d00000, 0x0000000086d00000| Untracked 
|  20|0x0000000086e00000, 0x0000000086e00000, 0x0000000086f00000|  0%| F|  |TAMS 0x0000000086e00000, 0x0000000086e00000| Untracked 
|  21|0x0000000086f00000, 0x0000000086f00000, 0x0000000087000000|  0%| F|  |TAMS 0x0000000086f00000, 0x0000000086f00000| Untracked 
|  22|0x0000000087000000, 0x0000000087000000, 0x0000000087100000|  0%| F|  |TAMS 0x0000000087000000, 0x0000000087000000| Untracked 
|  23|0x0000000087100000, 0x0000000087100000, 0x0000000087200000|  0%| F|  |TAMS 0x0000000087100000, 0x0000000087100000| Untracked 
|  24|0x0000000087200000, 0x0000000087200000, 0x0000000087300000|  0%| F|  |TAMS 0x0000000087200000, 0x0000000087200000| Untracked 
|  25|0x0000000087300000, 0x0000000087300000, 0x0000000087400000|  0%| F|  |TAMS 0x0000000087300000, 0x0000000087300000| Untracked 
|  26|0x0000000087400000, 0x0000000087400000, 0x0000000087500000|  0%| F|  |TAMS 0x0000000087400000, 0x0000000087400000| Untracked 
|  27|0x0000000087500000, 0x0000000087500000, 0x0000000087600000|  0%| F|  |TAMS 0x0000000087500000, 0x0000000087500000| Untracked 
|  28|0x0000000087600000, 0x0000000087600000, 0x0000000087700000|  0%| F|  |TAMS 0x0000000087600000, 0x0000000087600000| Untracked 
|  29|0x0000000087700000, 0x0000000087700000, 0x0000000087800000|  0%| F|  |TAMS 0x0000000087700000, 0x0000000087700000| Untracked 
|  30|0x0000000087800000, 0x0000000087800000, 0x0000000087900000|  0%| F|  |TAMS 0x0000000087800000, 0x0000000087800000| Untracked 
|  31|0x0000000087900000, 0x0000000087900000, 0x0000000087a00000|  0%| F|  |TAMS 0x0000000087900000, 0x0000000087900000| Untracked 
|  32|0x0000000087a00000, 0x0000000087a00000, 0x0000000087b00000|  0%| F|  |TAMS 0x0000000087a00000, 0x0000000087a00000| Untracked 
|  33|0x0000000087b00000, 0x0000000087b00000, 0x0000000087c00000|  0%| F|  |TAMS 0x0000000087b00000, 0x0000000087b00000| Untracked 
|  34|0x0000000087c00000, 0x0000000087c00000, 0x0000000087d00000|  0%| F|  |TAMS 0x0000000087c00000, 0x0000000087c00000| Untracked 
|  35|0x0000000087d00000, 0x0000000087d00000, 0x0000000087e00000|  0%| F|  |TAMS 0x0000000087d00000, 0x0000000087d00000| Untracked 
|  36|0x0000000087e00000, 0x0000000087e00000, 0x0000000087f00000|  0%| F|  |TAMS 0x0000000087e00000, 0x0000000087e00000| Untracked 
|  37|0x0000000087f00000, 0x0000000087f00000, 0x0000000088000000|  0%| F|  |TAMS 0x0000000087f00000, 0x0000000087f00000| Untracked 
|  38|0x0000000088000000, 0x0000000088000000, 0x0000000088100000|  0%| F|  |TAMS 0x0000000088000000, 0x0000000088000000| Untracked 
|  39|0x0000000088100000, 0x0000000088100000, 0x0000000088200000|  0%| F|  |TAMS 0x0000000088100000, 0x0000000088100000| Untracked 
|  40|0x0000000088200000, 0x0000000088200000, 0x0000000088300000|  0%| F|  |TAMS 0x0000000088200000, 0x0000000088200000| Untracked 
|  41|0x0000000088300000, 0x0000000088300000, 0x0000000088400000|  0%| F|  |TAMS 0x0000000088300000, 0x0000000088300000| Untracked 
|  42|0x0000000088400000, 0x0000000088400000, 0x0000000088500000|  0%| F|  |TAMS 0x0000000088400000, 0x0000000088400000| Untracked 
|  43|0x0000000088500000, 0x0000000088500000, 0x0000000088600000|  0%| F|  |TAMS 0x0000000088500000, 0x0000000088500000| Untracked 
|  44|0x0000000088600000, 0x0000000088600000, 0x0000000088700000|  0%| F|  |TAMS 0x0000000088600000, 0x0000000088600000| Untracked 
|  45|0x0000000088700000, 0x0000000088700000, 0x0000000088800000|  0%| F|  |TAMS 0x0000000088700000, 0x0000000088700000| Untracked 
|  46|0x0000000088800000, 0x0000000088800000, 0x0000000088900000|  0%| F|  |TAMS 0x0000000088800000, 0x0000000088800000| Untracked 
|  47|0x0000000088900000, 0x0000000088900000, 0x0000000088a00000|  0%| F|  |TAMS 0x0000000088900000, 0x0000000088900000| Untracked 
|  48|0x0000000088a00000, 0x0000000088a00000, 0x0000000088b00000|  0%| F|  |TAMS 0x0000000088a00000, 0x0000000088a00000| Untracked 
|  49|0x0000000088b00000, 0x0000000088b00000, 0x0000000088c00000|  0%| F|  |TAMS 0x0000000088b00000, 0x0000000088b00000| Untracked 
|  50|0x0000000088c00000, 0x0000000088c00000, 0x0000000088d00000|  0%| F|  |TAMS 0x0000000088c00000, 0x0000000088c00000| Untracked 
|  51|0x0000000088d00000, 0x0000000088d00000, 0x0000000088e00000|  0%| F|  |TAMS 0x0000000088d00000, 0x0000000088d00000| Untracked 
|  52|0x0000000088e00000, 0x0000000088e00000, 0x0000000088f00000|  0%| F|  |TAMS 0x0000000088e00000, 0x0000000088e00000| Untracked 
|  53|0x0000000088f00000, 0x0000000088f00000, 0x0000000089000000|  0%| F|  |TAMS 0x0000000088f00000, 0x0000000088f00000| Untracked 
|  54|0x0000000089000000, 0x0000000089000000, 0x0000000089100000|  0%| F|  |TAMS 0x0000000089000000, 0x0000000089000000| Untracked 
|  55|0x0000000089100000, 0x0000000089100000, 0x0000000089200000|  0%| F|  |TAMS 0x0000000089100000, 0x0000000089100000| Untracked 
|  56|0x0000000089200000, 0x0000000089200000, 0x0000000089300000|  0%| F|  |TAMS 0x0000000089200000, 0x0000000089200000| Untracked 
|  57|0x0000000089300000, 0x0000000089300000, 0x0000000089400000|  0%| F|  |TAMS 0x0000000089300000, 0x0000000089300000| Untracked 
|  58|0x0000000089400000, 0x0000000089400000, 0x0000000089500000|  0%| F|  |TAMS 0x0000000089400000, 0x0000000089400000| Untracked 
|  59|0x0000000089500000, 0x0000000089500000, 0x0000000089600000|  0%| F|  |TAMS 0x0000000089500000, 0x0000000089500000| Untracked 
|  60|0x0000000089600000, 0x0000000089600000, 0x0000000089700000|  0%| F|  |TAMS 0x0000000089600000, 0x0000000089600000| Untracked 
|  61|0x0000000089700000, 0x0000000089700000, 0x0000000089800000|  0%| F|  |TAMS 0x0000000089700000, 0x0000000089700000| Untracked 
|  62|0x0000000089800000, 0x0000000089800000, 0x0000000089900000|  0%| F|  |TAMS 0x0000000089800000, 0x0000000089800000| Untracked 
|  63|0x0000000089900000, 0x0000000089900000, 0x0000000089a00000|  0%| F|  |TAMS 0x0000000089900000, 0x0000000089900000| Untracked 
|  64|0x0000000089a00000, 0x0000000089a00000, 0x0000000089b00000|  0%| F|  |TAMS 0x0000000089a00000, 0x0000000089a00000| Untracked 
|  65|0x0000000089b00000, 0x0000000089b00000, 0x0000000089c00000|  0%| F|  |TAMS 0x0000000089b00000, 0x0000000089b00000| Untracked 
|  66|0x0000000089c00000, 0x0000000089c00000, 0x0000000089d00000|  0%| F|  |TAMS 0x0000000089c00000, 0x0000000089c00000| Untracked 
|  67|0x0000000089d00000, 0x0000000089d00000, 0x0000000089e00000|  0%| F|  |TAMS 0x0000000089d00000, 0x0000000089d00000| Untracked 
|  68|0x0000000089e00000, 0x0000000089e00000, 0x0000000089f00000|  0%| F|  |TAMS 0x0000000089e00000, 0x0000000089e00000| Untracked 
|  69|0x0000000089f00000, 0x0000000089f00000, 0x000000008a000000|  0%| F|  |TAMS 0x0000000089f00000, 0x0000000089f00000| Untracked 
|  70|0x000000008a000000, 0x000000008a000000, 0x000000008a100000|  0%| F|  |TAMS 0x000000008a000000, 0x000000008a000000| Untracked 
|  71|0x000000008a100000, 0x000000008a100000, 0x000000008a200000|  0%| F|  |TAMS 0x000000008a100000, 0x000000008a100000| Untracked 
|  72|0x000000008a200000, 0x000000008a200000, 0x000000008a300000|  0%| F|  |TAMS 0x000000008a200000, 0x000000008a200000| Untracked 
|  73|0x000000008a300000, 0x000000008a300000, 0x000000008a400000|  0%| F|  |TAMS 0x000000008a300000, 0x000000008a300000| Untracked 
|  74|0x000000008a400000, 0x000000008a400000, 0x000000008a500000|  0%| F|  |TAMS 0x000000008a400000, 0x000000008a400000| Untracked 
|  75|0x000000008a500000, 0x000000008a500000, 0x000000008a600000|  0%| F|  |TAMS 0x000000008a500000, 0x000000008a500000| Untracked 
|  76|0x000000008a600000, 0x000000008a600000, 0x000000008a700000|  0%| F|  |TAMS 0x000000008a600000, 0x000000008a600000| Untracked 
|  77|0x000000008a700000, 0x000000008a700000, 0x000000008a800000|  0%| F|  |TAMS 0x000000008a700000, 0x000000008a700000| Untracked 
|  78|0x000000008a800000, 0x000000008a800000, 0x000000008a900000|  0%| F|  |TAMS 0x000000008a800000, 0x000000008a800000| Untracked 
|  79|0x000000008a900000, 0x000000008a900000, 0x000000008aa00000|  0%| F|  |TAMS 0x000000008a900000, 0x000000008a900000| Untracked 
|  80|0x000000008aa00000, 0x000000008aa00000, 0x000000008ab00000|  0%| F|  |TAMS 0x000000008aa00000, 0x000000008aa00000| Untracked 
|  81|0x000000008ab00000, 0x000000008ab00000, 0x000000008ac00000|  0%| F|  |TAMS 0x000000008ab00000, 0x000000008ab00000| Untracked 
|  82|0x000000008ac00000, 0x000000008ac00000, 0x000000008ad00000|  0%| F|  |TAMS 0x000000008ac00000, 0x000000008ac00000| Untracked 
|  83|0x000000008ad00000, 0x000000008ad00000, 0x000000008ae00000|  0%| F|  |TAMS 0x000000008ad00000, 0x000000008ad00000| Untracked 
|  84|0x000000008ae00000, 0x000000008ae00000, 0x000000008af00000|  0%| F|  |TAMS 0x000000008ae00000, 0x000000008ae00000| Untracked 
|  85|0x000000008af00000, 0x000000008af00000, 0x000000008b000000|  0%| F|  |TAMS 0x000000008af00000, 0x000000008af00000| Untracked 
|  86|0x000000008b000000, 0x000000008b000000, 0x000000008b100000|  0%| F|  |TAMS 0x000000008b000000, 0x000000008b000000| Untracked 
|  87|0x000000008b100000, 0x000000008b100000, 0x000000008b200000|  0%| F|  |TAMS 0x000000008b100000, 0x000000008b100000| Untracked 
|  88|0x000000008b200000, 0x000000008b200000, 0x000000008b300000|  0%| F|  |TAMS 0x000000008b200000, 0x000000008b200000| Untracked 
|  89|0x000000008b300000, 0x000000008b300000, 0x000000008b400000|  0%| F|  |TAMS 0x000000008b300000, 0x000000008b300000| Untracked 
|  90|0x000000008b400000, 0x000000008b400000, 0x000000008b500000|  0%| F|  |TAMS 0x000000008b400000, 0x000000008b400000| Untracked 
|  91|0x000000008b500000, 0x000000008b500000, 0x000000008b600000|  0%| F|  |TAMS 0x000000008b500000, 0x000000008b500000| Untracked 
|  92|0x000000008b600000, 0x000000008b600000, 0x000000008b700000|  0%| F|  |TAMS 0x000000008b600000, 0x000000008b600000| Untracked 
|  93|0x000000008b700000, 0x000000008b700000, 0x000000008b800000|  0%| F|  |TAMS 0x000000008b700000, 0x000000008b700000| Untracked 
|  94|0x000000008b800000, 0x000000008b800000, 0x000000008b900000|  0%| F|  |TAMS 0x000000008b800000, 0x000000008b800000| Untracked 
|  95|0x000000008b900000, 0x000000008b900000, 0x000000008ba00000|  0%| F|  |TAMS 0x000000008b900000, 0x000000008b900000| Untracked 
|  96|0x000000008ba00000, 0x000000008ba00000, 0x000000008bb00000|  0%| F|  |TAMS 0x000000008ba00000, 0x000000008ba00000| Untracked 
|  97|0x000000008bb00000, 0x000000008bb00000, 0x000000008bc00000|  0%| F|  |TAMS 0x000000008bb00000, 0x000000008bb00000| Untracked 
|  98|0x000000008bc00000, 0x000000008bc00000, 0x000000008bd00000|  0%| F|  |TAMS 0x000000008bc00000, 0x000000008bc00000| Untracked 
|  99|0x000000008bd00000, 0x000000008bd00000, 0x000000008be00000|  0%| F|  |TAMS 0x000000008bd00000, 0x000000008bd00000| Untracked 
| 100|0x000000008be00000, 0x000000008be00000, 0x000000008bf00000|  0%| F|  |TAMS 0x000000008be00000, 0x000000008be00000| Untracked 
| 101|0x000000008bf00000, 0x000000008bf00000, 0x000000008c000000|  0%| F|  |TAMS 0x000000008bf00000, 0x000000008bf00000| Untracked 
| 102|0x000000008c000000, 0x000000008c000000, 0x000000008c100000|  0%| F|  |TAMS 0x000000008c000000, 0x000000008c000000| Untracked 
| 103|0x000000008c100000, 0x000000008c1ecef0, 0x000000008c200000| 92%| E|  |TAMS 0x000000008c100000, 0x000000008c100000| Complete 
| 104|0x000000008c200000, 0x000000008c300000, 0x000000008c300000|100%| E|CS|TAMS 0x000000008c200000, 0x000000008c200000| Complete 
| 105|0x000000008c300000, 0x000000008c400000, 0x000000008c400000|100%| E|CS|TAMS 0x000000008c300000, 0x000000008c300000| Complete 
| 106|0x000000008c400000, 0x000000008c500000, 0x000000008c500000|100%| E|CS|TAMS 0x000000008c400000, 0x000000008c400000| Complete 
| 107|0x000000008c500000, 0x000000008c600000, 0x000000008c600000|100%| E|CS|TAMS 0x000000008c500000, 0x000000008c500000| Complete 
| 108|0x000000008c600000, 0x000000008c700000, 0x000000008c700000|100%| E|CS|TAMS 0x000000008c600000, 0x000000008c600000| Complete 
| 109|0x000000008c700000, 0x000000008c800000, 0x000000008c800000|100%| E|CS|TAMS 0x000000008c700000, 0x000000008c700000| Complete 
| 110|0x000000008c800000, 0x000000008c900000, 0x000000008c900000|100%| E|CS|TAMS 0x000000008c800000, 0x000000008c800000| Complete 
| 111|0x000000008c900000, 0x000000008ca00000, 0x000000008ca00000|100%| E|CS|TAMS 0x000000008c900000, 0x000000008c900000| Complete 
| 112|0x000000008ca00000, 0x000000008cb00000, 0x000000008cb00000|100%| E|CS|TAMS 0x000000008ca00000, 0x000000008ca00000| Complete 
| 113|0x000000008cb00000, 0x000000008cc00000, 0x000000008cc00000|100%| E|CS|TAMS 0x000000008cb00000, 0x000000008cb00000| Complete 
| 114|0x000000008cc00000, 0x000000008cd00000, 0x000000008cd00000|100%| E|CS|TAMS 0x000000008cc00000, 0x000000008cc00000| Complete 
| 115|0x000000008cd00000, 0x000000008ce00000, 0x000000008ce00000|100%| E|CS|TAMS 0x000000008cd00000, 0x000000008cd00000| Complete 
| 116|0x000000008ce00000, 0x000000008cf00000, 0x000000008cf00000|100%| E|CS|TAMS 0x000000008ce00000, 0x000000008ce00000| Complete 
| 117|0x000000008cf00000, 0x000000008d000000, 0x000000008d000000|100%| E|CS|TAMS 0x000000008cf00000, 0x000000008cf00000| Complete 
| 118|0x000000008d000000, 0x000000008d100000, 0x000000008d100000|100%| E|  |TAMS 0x000000008d000000, 0x000000008d000000| Complete 
| 119|0x000000008d100000, 0x000000008d200000, 0x000000008d200000|100%| E|CS|TAMS 0x000000008d100000, 0x000000008d100000| Complete 
| 120|0x000000008d200000, 0x000000008d300000, 0x000000008d300000|100%| E|CS|TAMS 0x000000008d200000, 0x000000008d200000| Complete 
| 121|0x000000008d300000, 0x000000008d400000, 0x000000008d400000|100%| E|CS|TAMS 0x000000008d300000, 0x000000008d300000| Complete 
| 122|0x000000008d400000, 0x000000008d500000, 0x000000008d500000|100%| E|CS|TAMS 0x000000008d400000, 0x000000008d400000| Complete 
| 123|0x000000008d500000, 0x000000008d600000, 0x000000008d600000|100%| E|CS|TAMS 0x000000008d500000, 0x000000008d500000| Complete 

Card table byte_map: [0x0000022c79a60000,0x0000022c79e40000] _byte_map_base: 0x0000022c79633000

Marking Bits (Prev, Next): (CMBitMap*) 0x0000022c729bb8a0, (CMBitMap*) 0x0000022c729bb8e0
 Prev Bits: [0x0000022c7a220000, 0x0000022c7c0b8000)
 Next Bits: [0x0000022c7c0c0000, 0x0000022c7df58000)

Polling page: 0x0000022c706e0000

Metaspace:

Usage:
  Non-class:     13.30 MB used.
      Class:      1.55 MB used.
       Both:     14.85 MB used.

Virtual space:
  Non-class space:       64.00 MB reserved,      13.38 MB ( 21%) committed,  1 nodes.
      Class space:        1.00 GB reserved,       1.62 MB ( <1%) committed,  1 nodes.
             Both:        1.06 GB reserved,      15.00 MB (  1%) committed. 

Chunk freelists:
   Non-Class:  2.23 MB
       Class:  14.39 MB
        Both:  16.62 MB

MaxMetaspaceSize: unlimited
CompressedClassSpaceSize: 1.00 GB
Initial GC threshold: 21.00 MB
Current GC threshold: 21.00 MB
CDS: off
MetaspaceReclaimPolicy: balanced
 - commit_granule_bytes: 65536.
 - commit_granule_words: 8192.
 - virtual_space_node_default_size: 8388608.
 - enlarge_chunks_in_place: 1.
 - new_chunks_are_fully_committed: 0.
 - uncommit_free_chunks: 1.
 - use_allocation_guard: 0.
 - handle_deallocations: 1.


Internal statistics:

num_allocs_failed_limit: 0.
num_arena_births: 134.
num_arena_deaths: 0.
num_vsnodes_births: 2.
num_vsnodes_deaths: 0.
num_space_committed: 240.
num_space_uncommitted: 0.
num_chunks_returned_to_freelist: 0.
num_chunks_taken_from_freelist: 276.
num_chunk_merges: 0.
num_chunk_splits: 161.
num_chunks_enlarged: 90.
num_inconsistent_stats: 0.

CodeCache: size=49152Kb used=4640Kb max_used=4640Kb free=44511Kb
 bounds [0x0000022c76010000, 0x0000022c764a0000, 0x0000022c79010000]
 total_blobs=1709 nmethods=1256 adapters=378
 compilation: enabled
              stopped_count=0, restarted_count=0
 full_count=0

Compilation events (20 events):
Event: 0.417 Thread 0x0000022c7f07bd70 nmethod 1238 0x0000022c76492a10 code [0x0000022c76492bc0, 0x0000022c76492cf8]
Event: 0.417 Thread 0x0000022c7f07bd70 1240       1       java.lang.invoke.MemberName::<init> (139 bytes)
Event: 0.417 Thread 0x0000022c7f98e9f0 nmethod 1245 0x0000022c76492d90 code [0x0000022c76492fc0, 0x0000022c764936a8]
Event: 0.417 Thread 0x0000022c7f1dcec0 nmethod 1249 0x0000022c76493a10 code [0x0000022c76493c20, 0x0000022c76494098]
Event: 0.417 Thread 0x0000022c7f98e9f0 1239       1       java.util.concurrent.CopyOnWriteArrayList::getArray (5 bytes)
Event: 0.417 Thread 0x0000022c7f98e9f0 nmethod 1239 0x0000022c76494310 code [0x0000022c764944a0, 0x0000022c76494578]
Event: 0.417 Thread 0x0000022c7f07bd70 nmethod 1240 0x0000022c76494610 code [0x0000022c76494880, 0x0000022c76495038]
Event: 0.417 Thread 0x0000022c7fc7a960 nmethod 1247 0x0000022c76495390 code [0x0000022c76495660, 0x0000022c764962a8]
Event: 0.419 Thread 0x0000022c7fc7a960 1251       1       java.security.SecureClassLoader$CodeSourceKey::equals (60 bytes)
Event: 0.419 Thread 0x0000022c7fc7a960 nmethod 1251 0x0000022c76496990 code [0x0000022c76496b40, 0x0000022c76496db8]
Event: 0.420 Thread 0x0000022c7f98e9f0 1252       1       java.lang.Class::newReflectionData (66 bytes)
Event: 0.420 Thread 0x0000022c7f07bd70 1253       1       java.lang.Class$ReflectionData::<init> (10 bytes)
Event: 0.420 Thread 0x0000022c7fc7a960 1254       1       java.lang.Class$Atomic::casReflectionData (13 bytes)
Event: 0.420 Thread 0x0000022c7f07bd70 nmethod 1253 0x0000022c76496f90 code [0x0000022c76497120, 0x0000022c764971f8]
Event: 0.420 Thread 0x0000022c7fc7a960 nmethod 1254 0x0000022c76497290 code [0x0000022c76497420, 0x0000022c76497538]
Event: 0.420 Thread 0x0000022c7f98e9f0 nmethod 1252 0x0000022c76497590 code [0x0000022c76497740, 0x0000022c76497b38]
Event: 0.421 Thread 0x0000022c7f07bd70 1255       1       java.util.zip.ZipEntry::getName (5 bytes)
Event: 0.421 Thread 0x0000022c7f07bd70 nmethod 1255 0x0000022c76497c90 code [0x0000022c76497e20, 0x0000022c76497ef8]
Event: 0.422 Thread 0x0000022c7f98e9f0 1256       1       java.util.concurrent.atomic.AtomicInteger::get (5 bytes)
Event: 0.422 Thread 0x0000022c7f98e9f0 nmethod 1256 0x0000022c76497f90 code [0x0000022c76498120, 0x0000022c764981f8]

GC Heap History (0 events):
No events

Dll operation events (7 events):
Event: 0.004 Loaded shared library C:\JAVA\sts-4.21.0.RELEASE\plugins\org.eclipse.justj.openjdk.hotspot.jre.full.win32.x86_64_17.0.9.v20231028-0858\jre\bin\java.dll
Event: 0.103 Loaded shared library C:\JAVA\sts-4.21.0.RELEASE\plugins\org.eclipse.justj.openjdk.hotspot.jre.full.win32.x86_64_17.0.9.v20231028-0858\jre\bin\jimage.dll
Event: 0.112 Loaded shared library C:\JAVA\sts-4.21.0.RELEASE\plugins\org.eclipse.justj.openjdk.hotspot.jre.full.win32.x86_64_17.0.9.v20231028-0858\jre\bin\net.dll
Event: 0.113 Loaded shared library C:\JAVA\sts-4.21.0.RELEASE\plugins\org.eclipse.justj.openjdk.hotspot.jre.full.win32.x86_64_17.0.9.v20231028-0858\jre\bin\nio.dll
Event: 0.115 Loaded shared library C:\JAVA\sts-4.21.0.RELEASE\plugins\org.eclipse.justj.openjdk.hotspot.jre.full.win32.x86_64_17.0.9.v20231028-0858\jre\bin\zip.dll
Event: 0.151 Loaded shared library C:\JAVA\sts-4.21.0.RELEASE\plugins\org.eclipse.justj.openjdk.hotspot.jre.full.win32.x86_64_17.0.9.v20231028-0858\jre\bin\management.dll
Event: 0.162 Loaded shared library C:\JAVA\sts-4.21.0.RELEASE\plugins\org.eclipse.justj.openjdk.hotspot.jre.full.win32.x86_64_17.0.9.v20231028-0858\jre\bin\management_ext.dll

Deoptimization events (0 events):
No events

Classes unloaded (0 events):
No events

Classes redefined (0 events):
No events

Internal exceptions (18 events):
Event: 0.150 Thread 0x0000022c7295fa80 Exception <a 'java/lang/NoSuchMethodError'{0x000000008cfde5f0}: 'java.lang.Object java.lang.invoke.DirectMethodHandle$Holder.invokeStaticInit(java.lang.Object)'> (0x000000008cfde5f0) 
thrown [s\src\hotspot\share\interpreter\linkResolver.cpp, line 759]
Event: 0.164 Thread 0x0000022c7295fa80 Exception <a 'java/lang/NoSuchMethodError'{0x000000008cff9300}: 'int java.lang.invoke.DirectMethodHandle$Holder.invokeInterface(java.lang.Object, java.lang.Object)'> (0x000000008cff9300) 
thrown [s\src\hotspot\share\interpreter\linkResolver.cpp, line 759]
Event: 0.165 Thread 0x0000022c7295fa80 Exception <a 'java/lang/IncompatibleClassChangeError'{0x000000008cffc900}: Found class java.lang.Object, but interface was expected> (0x000000008cffc900) 
thrown [s\src\hotspot\share\interpreter\linkResolver.cpp, line 826]
Event: 0.165 Thread 0x0000022c7295fa80 Exception <a 'java/lang/NoSuchMethodError'{0x000000008ce02500}: 'void java.lang.invoke.DirectMethodHandle$Holder.invokeStatic(java.lang.Object, java.lang.Object)'> (0x000000008ce02500) 
thrown [s\src\hotspot\share\interpreter\linkResolver.cpp, line 759]
Event: 0.194 Thread 0x0000022c7295fa80 Exception <a 'java/lang/NoSuchMethodError'{0x000000008ced0458}: 'int java.lang.invoke.DirectMethodHandle$Holder.invokeSpecial(java.lang.Object, java.lang.Object, java.lang.Object)'> (0x000000008ced0458) 
thrown [s\src\hotspot\share\interpreter\linkResolver.cpp, line 759]
Event: 0.223 Thread 0x0000022c7295fa80 Exception <a 'java/lang/NoSuchMethodError'{0x000000008cddbdf0}: 'void java.lang.invoke.DirectMethodHandle$Holder.invokeStatic(java.lang.Object, java.lang.Object, java.lang.Object)'> (0x000000008cddbdf0) 
thrown [s\src\hotspot\share\interpreter\linkResolver.cpp, line 759]
Event: 0.242 Thread 0x0000022c7295fa80 Exception <a 'java/lang/NoSuchMethodError'{0x000000008cc27490}: 'int java.lang.invoke.DirectMethodHandle$Holder.invokeSpecialIFC(java.lang.Object, java.lang.Object, java.lang.Object)'> (0x000000008cc27490) 
thrown [s\src\hotspot\share\interpreter\linkResolver.cpp, line 759]
Event: 0.258 Thread 0x0000022c7295fa80 Exception <a 'java/lang/NoSuchMethodError'{0x000000008cc9e9b0}: 'java.lang.Object java.lang.invoke.DirectMethodHandle$Holder.invokeStaticInit(java.lang.Object, int, int, int, int)'> (0x000000008cc9e9b0) 
thrown [s\src\hotspot\share\interpreter\linkResolver.cpp, line 759]
Event: 0.286 Thread 0x0000022c7295fa80 Exception <a 'java/lang/NoSuchMethodError'{0x000000008cb8f058}: 'java.lang.Object java.lang.invoke.DirectMethodHandle$Holder.invokeStaticInit(java.lang.Object, java.lang.Object, int, int, int, int)'> (0x000000008cb8f058) 
thrown [s\src\hotspot\share\interpreter\linkResolver.cpp, line 759]
Event: 0.292 Thread 0x0000022c7295fa80 Exception <a 'java/lang/ClassNotFoundException'{0x000000008cbaa7a8}: javax/management/remote/rmi/RMIServerImpl_Skel> (0x000000008cbaa7a8) 
thrown [s\src\hotspot\share\classfile\systemDictionary.cpp, line 256]
Event: 0.318 Thread 0x0000022c7295fa80 Exception <a 'java/lang/ClassNotFoundException'{0x000000008caf6a18}: jdk/internal/agent/resources/spi/agentProvider> (0x000000008caf6a18) 
thrown [s\src\hotspot\share\classfile\systemDictionary.cpp, line 256]
Event: 0.355 Thread 0x0000022c7295fa80 Exception <a 'java/lang/ClassNotFoundException'{0x000000008c7c8598}: javax/smartcardio/CardPermission> (0x000000008c7c8598) 
thrown [s\src\hotspot\share\classfile\systemDictionary.cpp, line 256]
Event: 0.356 Thread 0x0000022c7295fa80 Exception <a 'java/io/FileNotFoundException'{0x000000008c7d7170}> (0x000000008c7d7170) 
thrown [s\src\hotspot\share\prims\jni.cpp, line 516]
Event: 0.362 Thread 0x0000022c7295fa80 Exception <a 'java/lang/NoSuchMethodError'{0x000000008c63d930}: 'java.lang.Object java.lang.invoke.DirectMethodHandle$Holder.invokeSpecial(java.lang.Object, java.lang.Object, java.lang.Object, long, java.lang.Object)'> (0x000000008c63d930) 
thrown [s\src\hotspot\share\interpreter\linkResolver.cpp, line 759]
Event: 0.362 Thread 0x0000022c7295fa80 Exception <a 'java/lang/NoSuchMethodError'{0x000000008c641500}: 'java.lang.Object java.lang.invoke.Invokers$Holder.linkToTargetMethod(java.lang.Object, long, java.lang.Object, java.lang.Object)'> (0x000000008c641500) 
thrown [s\src\hotspot\share\interpreter\linkResolver.cpp, line 759]
Event: 0.392 Thread 0x0000022c7295fa80 Exception <a 'java/lang/NoSuchMethodError'{0x000000008c468540}: 'void java.lang.invoke.DirectMethodHandle$Holder.invokeStatic(java.lang.Object, java.lang.Object, java.lang.Object, java.lang.Object)'> (0x000000008c468540) 
thrown [s\src\hotspot\share\interpreter\linkResolver.cpp, line 759]
Event: 0.405 Thread 0x0000022c7295fa80 Exception <a 'java/lang/NoSuchMethodError'{0x000000008c3ab688}: 'int java.lang.invoke.DirectMethodHandle$Holder.invokeStaticInit(java.lang.Object, java.lang.Object)'> (0x000000008c3ab688) 
thrown [s\src\hotspot\share\interpreter\linkResolver.cpp, line 759]
Event: 0.408 Thread 0x0000022c7295fa80 Exception <a 'java/lang/NoSuchMethodError'{0x000000008c3f6938}: 'void java.lang.invoke.DirectMethodHandle$Holder.invokeInterface(java.lang.Object, java.lang.Object, java.lang.Object, java.lang.Object)'> (0x000000008c3f6938) 
thrown [s\src\hotspot\share\interpreter\linkResolver.cpp, line 759]

VM Operations (12 events):
Event: 0.092 Executing VM operation: HandshakeAllThreads
Event: 0.092 Executing VM operation: HandshakeAllThreads done
Event: 0.230 Executing VM operation: HandshakeAllThreads
Event: 0.230 Executing VM operation: HandshakeAllThreads done
Event: 0.252 Executing VM operation: HandshakeAllThreads
Event: 0.252 Executing VM operation: HandshakeAllThreads done
Event: 0.292 Executing VM operation: HandshakeAllThreads
Event: 0.292 Executing VM operation: HandshakeAllThreads done
Event: 0.339 Executing VM operation: HandshakeAllThreads
Event: 0.339 Executing VM operation: HandshakeAllThreads done
Event: 0.341 Executing VM operation: HandshakeAllThreads
Event: 0.341 Executing VM operation: HandshakeAllThreads done

Events (20 events):
Event: 0.401 loading class java/util/ImmutableCollections$Access done
Event: 0.401 loading class java/util/ImmutableCollections$Access$1
Event: 0.401 loading class jdk/internal/access/JavaUtilCollectionAccess
Event: 0.401 loading class jdk/internal/access/JavaUtilCollectionAccess done
Event: 0.401 loading class java/util/ImmutableCollections$Access$1 done
Event: 0.401 loading class java/util/stream/DistinctOps$1$2
Event: 0.401 loading class java/util/stream/DistinctOps$1$2 done
Event: 0.405 loading class java/lang/reflect/UndeclaredThrowableException
Event: 0.405 loading class java/lang/reflect/UndeclaredThrowableException done
Event: 0.414 loading class java/lang/NoSuchFieldError
Event: 0.414 loading class java/lang/NoSuchFieldError done
Event: 0.414 loading class java/lang/FunctionalInterface
Event: 0.414 loading class java/lang/FunctionalInterface done
Event: 0.415 loading class java/util/NoSuchElementException
Event: 0.415 loading class java/util/NoSuchElementException done
Event: 0.416 Thread 0x0000022c7fc7a960 Thread added: 0x0000022c7fc7a960
Event: 0.421 loading class java/lang/TypeNotPresentException
Event: 0.421 loading class java/lang/TypeNotPresentException done
Event: 0.422 loading class java/lang/reflect/WildcardType
Event: 0.422 loading class java/lang/reflect/WildcardType done


Dynamic libraries:
0x00007ff6a0120000 - 0x00007ff6a012e000 	C:\JAVA\sts-4.21.0.RELEASE\plugins\org.eclipse.justj.openjdk.hotspot.jre.full.win32.x86_64_17.0.9.v20231028-0858\jre\bin\javaw.exe
0x00007ffd65530000 - 0x00007ffd65747000 	C:\WINDOWS\SYSTEM32\ntdll.dll
0x00007ffd64bd0000 - 0x00007ffd64c94000 	C:\WINDOWS\System32\KERNEL32.DLL
0x00007ffd62ae0000 - 0x00007ffd62e87000 	C:\WINDOWS\System32\KERNELBASE.dll
0x00007ffd62f10000 - 0x00007ffd63021000 	C:\WINDOWS\System32\ucrtbase.dll
0x00007ffd3cf20000 - 0x00007ffd3cf37000 	C:\JAVA\sts-4.21.0.RELEASE\plugins\org.eclipse.justj.openjdk.hotspot.jre.full.win32.x86_64_17.0.9.v20231028-0858\jre\bin\jli.dll
0x00007ffccc6f0000 - 0x00007ffccc70b000 	C:\JAVA\sts-4.21.0.RELEASE\plugins\org.eclipse.justj.openjdk.hotspot.jre.full.win32.x86_64_17.0.9.v20231028-0858\jre\bin\VCRUNTIME140.dll
0x00007ffd632e0000 - 0x00007ffd6348e000 	C:\WINDOWS\System32\USER32.dll
0x00007ffd63190000 - 0x00007ffd631b6000 	C:\WINDOWS\System32\win32u.dll
0x00007ffd4f4f0000 - 0x00007ffd4f783000 	C:\WINDOWS\WinSxS\amd64_microsoft.windows.common-controls_6595b64144ccf1df_6.0.22621.3527_none_270e469b73872a76\COMCTL32.dll
0x00007ffd646e0000 - 0x00007ffd64709000 	C:\WINDOWS\System32\GDI32.dll
0x00007ffd64730000 - 0x00007ffd647d7000 	C:\WINDOWS\System32\msvcrt.dll
0x00007ffd629c0000 - 0x00007ffd62ad9000 	C:\WINDOWS\System32\gdi32full.dll
0x00007ffd631c0000 - 0x00007ffd6325a000 	C:\WINDOWS\System32\msvcp_win.dll
0x00007ffd63fb0000 - 0x00007ffd63fe1000 	C:\WINDOWS\System32\IMM32.DLL
0x00007ffd1b030000 - 0x00007ffd1b03c000 	C:\JAVA\sts-4.21.0.RELEASE\plugins\org.eclipse.justj.openjdk.hotspot.jre.full.win32.x86_64_17.0.9.v20231028-0858\jre\bin\vcruntime140_1.dll
0x00007ffcb6ef0000 - 0x00007ffcb6f7d000 	C:\JAVA\sts-4.21.0.RELEASE\plugins\org.eclipse.justj.openjdk.hotspot.jre.full.win32.x86_64_17.0.9.v20231028-0858\jre\bin\msvcp140.dll
0x00007ffcb2770000 - 0x00007ffcb33d1000 	C:\JAVA\sts-4.21.0.RELEASE\plugins\org.eclipse.justj.openjdk.hotspot.jre.full.win32.x86_64_17.0.9.v20231028-0858\jre\bin\server\jvm.dll
0x00007ffd63cf0000 - 0x00007ffd63da2000 	C:\WINDOWS\System32\ADVAPI32.dll
0x00007ffd65320000 - 0x00007ffd653c8000 	C:\WINDOWS\System32\sechost.dll
0x00007ffd630a0000 - 0x00007ffd630c8000 	C:\WINDOWS\System32\bcrypt.dll
0x00007ffd63db0000 - 0x00007ffd63ec5000 	C:\WINDOWS\System32\RPCRT4.dll
0x00007ffd23380000 - 0x00007ffd23389000 	C:\WINDOWS\SYSTEM32\WSOCK32.dll
0x00007ffd591b0000 - 0x00007ffd591e4000 	C:\WINDOWS\SYSTEM32\WINMM.dll
0x00007ffd616d0000 - 0x00007ffd6171d000 	C:\WINDOWS\SYSTEM32\POWRPROF.dll
0x00007ffd64ca0000 - 0x00007ffd64d11000 	C:\WINDOWS\System32\WS2_32.dll
0x00007ffd59610000 - 0x00007ffd5961a000 	C:\WINDOWS\SYSTEM32\VERSION.dll
0x00007ffd616b0000 - 0x00007ffd616c3000 	C:\WINDOWS\SYSTEM32\UMPDC.dll
0x00007ffd618c0000 - 0x00007ffd618d8000 	C:\WINDOWS\SYSTEM32\kernel.appcore.dll
0x00007ffd5b4c0000 - 0x00007ffd5b4ca000 	C:\JAVA\sts-4.21.0.RELEASE\plugins\org.eclipse.justj.openjdk.hotspot.jre.full.win32.x86_64_17.0.9.v20231028-0858\jre\bin\jimage.dll
0x00007ffd60190000 - 0x00007ffd603c3000 	C:\WINDOWS\SYSTEM32\DBGHELP.DLL
0x00007ffd64840000 - 0x00007ffd64bc8000 	C:\WINDOWS\System32\combase.dll
0x00007ffd63ed0000 - 0x00007ffd63fa7000 	C:\WINDOWS\System32\OLEAUT32.dll
0x00007ffd25fb0000 - 0x00007ffd25fe2000 	C:\WINDOWS\SYSTEM32\dbgcore.DLL
0x00007ffd62e90000 - 0x00007ffd62f09000 	C:\WINDOWS\System32\bcryptPrimitives.dll
0x00007ffd1b1e0000 - 0x00007ffd1b205000 	C:\JAVA\sts-4.21.0.RELEASE\plugins\org.eclipse.justj.openjdk.hotspot.jre.full.win32.x86_64_17.0.9.v20231028-0858\jre\bin\java.dll
0x00007ffd1bd90000 - 0x00007ffd1bda8000 	C:\JAVA\sts-4.21.0.RELEASE\plugins\org.eclipse.justj.openjdk.hotspot.jre.full.win32.x86_64_17.0.9.v20231028-0858\jre\bin\zip.dll
0x00007ffd63490000 - 0x00007ffd63cec000 	C:\WINDOWS\System32\SHELL32.dll
0x00007ffd607a0000 - 0x00007ffd61096000 	C:\WINDOWS\SYSTEM32\windows.storage.dll
0x00007ffd60660000 - 0x00007ffd6079e000 	C:\WINDOWS\SYSTEM32\wintypes.dll
0x00007ffd653d0000 - 0x00007ffd654c5000 	C:\WINDOWS\System32\SHCORE.dll
0x00007ffd65110000 - 0x00007ffd6516e000 	C:\WINDOWS\System32\shlwapi.dll
0x00007ffd62780000 - 0x00007ffd627a1000 	C:\WINDOWS\SYSTEM32\profapi.dll
0x00007ffd1b040000 - 0x00007ffd1b059000 	C:\JAVA\sts-4.21.0.RELEASE\plugins\org.eclipse.justj.openjdk.hotspot.jre.full.win32.x86_64_17.0.9.v20231028-0858\jre\bin\net.dll
0x00007ffd5a6d0000 - 0x00007ffd5a806000 	C:\WINDOWS\SYSTEM32\WINHTTP.dll
0x00007ffd61dd0000 - 0x00007ffd61e39000 	C:\WINDOWS\system32\mswsock.dll
0x00007ffd1a820000 - 0x00007ffd1a836000 	C:\JAVA\sts-4.21.0.RELEASE\plugins\org.eclipse.justj.openjdk.hotspot.jre.full.win32.x86_64_17.0.9.v20231028-0858\jre\bin\nio.dll
0x00007ffd1aa20000 - 0x00007ffd1aa29000 	C:\JAVA\sts-4.21.0.RELEASE\plugins\org.eclipse.justj.openjdk.hotspot.jre.full.win32.x86_64_17.0.9.v20231028-0858\jre\bin\management.dll
0x00007ffd1a590000 - 0x00007ffd1a59b000 	C:\JAVA\sts-4.21.0.RELEASE\plugins\org.eclipse.justj.openjdk.hotspot.jre.full.win32.x86_64_17.0.9.v20231028-0858\jre\bin\management_ext.dll
0x00007ffd640a0000 - 0x00007ffd640a8000 	C:\WINDOWS\System32\PSAPI.DLL
0x00007ffd1c5d0000 - 0x00007ffd1c5e7000 	C:\WINDOWS\system32\napinsp.dll
0x00007ffd1c5b0000 - 0x00007ffd1c5cb000 	C:\WINDOWS\system32\pnrpnsp.dll
0x00007ffd613e0000 - 0x00007ffd614d9000 	C:\WINDOWS\SYSTEM32\DNSAPI.dll
0x00007ffd61370000 - 0x00007ffd6139d000 	C:\WINDOWS\SYSTEM32\IPHLPAPI.DLL
0x00007ffd64ea0000 - 0x00007ffd64ea9000 	C:\WINDOWS\System32\NSI.dll
0x00007ffd1c590000 - 0x00007ffd1c5a1000 	C:\WINDOWS\System32\winrnr.dll
0x00007ffd387f0000 - 0x00007ffd38805000 	C:\WINDOWS\system32\wshbth.dll
0x00007ffd1c500000 - 0x00007ffd1c521000 	C:\WINDOWS\system32\nlansp_c.dll
0x00007ffd58520000 - 0x00007ffd5852a000 	C:\Windows\System32\rasadhlp.dll
0x00007ffd594a0000 - 0x00007ffd59523000 	C:\WINDOWS\System32\fwpuclnt.dll
0x00007ffd62030000 - 0x00007ffd6204b000 	C:\WINDOWS\SYSTEM32\CRYPTSP.dll
0x00007ffd618e0000 - 0x00007ffd61915000 	C:\WINDOWS\system32\rsaenh.dll
0x00007ffd61ed0000 - 0x00007ffd61ef8000 	C:\WINDOWS\SYSTEM32\USERENV.dll
0x00007ffd62050000 - 0x00007ffd6205c000 	C:\WINDOWS\SYSTEM32\CRYPTBASE.dll
0x00007ffd5a1f0000 - 0x00007ffd5a209000 	C:\WINDOWS\SYSTEM32\dhcpcsvc6.DLL
0x00007ffd5a0e0000 - 0x00007ffd5a0ff000 	C:\WINDOWS\SYSTEM32\dhcpcsvc.DLL

dbghelp: loaded successfully - version: 4.0.5 - missing functions: none
symbol engine: initialized successfully - sym options: 0x614 - pdb path: .;C:\JAVA\sts-4.21.0.RELEASE\plugins\org.eclipse.justj.openjdk.hotspot.jre.full.win32.x86_64_17.0.9.v20231028-0858\jre\bin;C:\WINDOWS\SYSTEM32;C:\WINDOWS\WinSxS\amd64_microsoft.windows.common-controls_6595b64144ccf1df_6.0.22621.3527_none_270e469b73872a76;C:\JAVA\sts-4.21.0.RELEASE\plugins\org.eclipse.justj.openjdk.hotspot.jre.full.win32.x86_64_17.0.9.v20231028-0858\jre\bin\server

VM Arguments:
jvm_args: -Dcom.sun.management.jmxremote -Dcom.sun.management.jmxremote.port=63280 -Dcom.sun.management.jmxremote.authenticate=false -Dcom.sun.management.jmxremote.ssl=false -Djava.rmi.server.hostname=localhost -Dspring.jmx.enabled=true -Dmanagement.endpoints.jmx.exposure.include=* -Dspring.application.admin.enabled=true -XX:TieredStopAtLevel=1 -Dspring.boot.project.name=SystemAdmin -Dfile.encoding=UTF-8 -Dstdout.encoding=UTF-8 -Dstderr.encoding=UTF-8 -XX:+ShowCodeDetailsInExceptionMessages 
java_command: com.diamondvaluation.admin.SystemAdminApplication --spring.output.ansi.enabled=always
java_class_path (initial): D:\DiamondValuationSystem\DiamondValuationSystem\BackEnd\DiamondValuationSystem\SystemParent\SystemAdmin\target\classes;C:\Users\NGUYEN DUC MINH\.m2\repository\org\springframework\boot\spring-boot-devtools\3.2.5\spring-boot-devtools-3.2.5.jar;C:\Users\NGUYEN DUC MINH\.m2\repository\org\springframework\boot\spring-boot\3.2.5\spring-boot-3.2.5.jar;C:\Users\NGUYEN DUC MINH\.m2\repository\org\springframework\spring-context\6.1.6\spring-context-6.1.6.jar;C:\Users\NGUYEN DUC MINH\.m2\repository\org\springframework\boot\spring-boot-autoconfigure\3.2.5\spring-boot-autoconfigure-3.2.5.jar;D:\DiamondValuationSystem\DiamondValuationSystem\BackEnd\DiamondValuationSystem\SystemCommon\target\classes;C:\Users\NGUYEN DUC MINH\.m2\repository\org\springframework\boot\spring-boot-starter-data-jpa\3.2.5\spring-boot-starter-data-jpa-3.2.5.jar;C:\Users\NGUYEN DUC MINH\.m2\repository\org\springframework\boot\spring-boot-starter-aop\3.2.5\spring-boot-starter-aop-3.2.5.jar;C:\Users\NGUYEN DUC MINH\.m2\repository\org\aspectj\aspectjweaver\1.9.22\aspectjweaver-1.9.22.jar;C:\Users\NGUYEN DUC MINH\.m2\repository\org\springframework\boot\spring-boot-starter-jdbc\3.2.5\spring-boot-starter-jdbc-3.2.5.jar;C:\Users\NGUYEN DUC MINH\.m2\repository\com\zaxxer\HikariCP\5.0.1\HikariCP-5.0.1.jar;C:\Users\NGUYEN DUC MINH\.m2\repository\org\springframework\spring-jdbc\6.1.6\spring-jdbc-6.1.6.jar;C:\Users\NGUYEN DUC MINH\.m2\repository\org\hibernate\orm\hibernate-core\6.4.4.Final\hibernate-core-6.4.4.Final.jar;C:\Users\NGUYEN DUC MINH\.m2\repository\jakarta\persistence\jakarta.persistence-api\3.1.0\jakarta.persistence-api-3.1.0.jar;C:\Users\NGUYEN DUC MINH\.m2\repository\jakarta\transaction\jakarta.transaction-api\2.0.1\jakarta.transaction-api-2.0.1.jar;C:\Users\NGUYEN DUC MINH\.m2\repository\org\jboss\logging\jboss-logging\3.5.3.Final\jboss-logging-3.5.3.Final.jar;C:\Users\NGUYEN DUC MINH\.m2\repository\org\hibernate\common\hibernate-commons-annotations\6.0.6.Final\hibernate-com
Launcher Type: SUN_STANDARD

[Global flags]
     intx CICompilerCount                          = 12                                        {product} {ergonomic}
     uint ConcGCThreads                            = 3                                         {product} {ergonomic}
     uint G1ConcRefinementThreads                  = 13                                        {product} {ergonomic}
   size_t G1HeapRegionSize                         = 1048576                                   {product} {ergonomic}
    uintx GCDrainStackTargetSize                   = 64                                        {product} {ergonomic}
   size_t InitialHeapSize                          = 130023424                                 {product} {ergonomic}
     bool ManagementServer                         = true                                      {product} {command line}
   size_t MarkStackSize                            = 4194304                                   {product} {ergonomic}
   size_t MaxHeapSize                              = 2053111808                                {product} {ergonomic}
   size_t MaxNewSize                               = 1231028224                                {product} {ergonomic}
   size_t MinHeapDeltaBytes                        = 1048576                                   {product} {ergonomic}
   size_t MinHeapSize                              = 8388608                                   {product} {ergonomic}
    uintx NonProfiledCodeHeapSize                  = 0                                      {pd product} {ergonomic}
     bool ProfileInterpreter                       = false                                  {pd product} {command line}
    uintx ProfiledCodeHeapSize                     = 0                                      {pd product} {ergonomic}
     bool ShowCodeDetailsInExceptionMessages       = true                                   {manageable} {command line}
   size_t SoftMaxHeapSize                          = 2053111808                             {manageable} {ergonomic}
     intx TieredStopAtLevel                        = 1                                         {product} {command line}
     bool UseCompressedClassPointers               = true                           {product lp64_product} {ergonomic}
     bool UseCompressedOops                        = true                           {product lp64_product} {ergonomic}
     bool UseG1GC                                  = true                                      {product} {ergonomic}
     bool UseLargePagesIndividualAllocation        = false                                  {pd product} {ergonomic}

Logging:
Log output configuration:
 #0: stdout all=warning uptime,level,tags
 #1: stderr all=off uptime,level,tags

Environment Variables:
JAVA_HOME=D:\OpenJDK17\jdk-17
PATH=C:/JAVA/sts-4.21.0.RELEASE//plugins/org.eclipse.justj.openjdk.hotspot.jre.full.win32.x86_64_17.0.9.v20231028-0858/jre/bin/server;C:/JAVA/sts-4.21.0.RELEASE//plugins/org.eclipse.justj.openjdk.hotspot.jre.full.win32.x86_64_17.0.9.v20231028-0858/jre/bin;C:\Program Files\Microsoft\jdk-11.0.16.101-hotspot\bin;D:\OpenJDK17\jdk-17\bin;C:\Program Files\Common Files\Oracle\Java\javapath;C:\Program Files (x86)\Common Files\Oracle\Java\javapath;C:\Program Files (x86)\VMware\VMware Player\bin\;C:\windows\system32;C:\windows;C:\windows\System32\Wbem;C:\windows\System32\WindowsPowerShell\v1.0\;C:\windows\System32\OpenSSH\;C:\Program Files (x86)\NVIDIA Corporation\PhysX\Common;C:\Program Files\NVIDIA Corporation\NVIDIA NvDLISR;C:\WINDOWS\system32;C:\WINDOWS;C:\WINDOWS\System32\Wbem;C:\WINDOWS\System32\WindowsPowerShell\v1.0\;C:\WINDOWS\System32\OpenSSH\;C:\Program Files\Git\cmd;C:\JAVA\apache-maven-3.9.6\bin;C:\Program Files\Azure Data Studio\bin;C:\Program Files (x86)\Microsoft SQL Server\160\DTS\Binn\;C:\Program Files\Microsoft SQL Server\Client SDK\ODBC\130\Tools\Binn\;C:\Program Files (x86)\Microsoft SQL Server\140\Tools\Binn\;C:\Program Files\Microsoft SQL Server\140\Tools\Binn\;C:\Program Files\Microsoft SQL Server\140\DTS\Binn\;C:\Program Files\nodejs\;D:\apache-maven-3.9.6\bin;C:\Program Files\dotnet\;C:\Program Files\Microsoft SQL Server\150\Tools\Binn\;C:\Program Files\Microsoft SQL Server\Client SDK\ODBC\170\Tools\Binn\;C:\Users\NGUYEN DUC MINH\AppData\Local\Microsoft\WindowsApps;;C:\Users\NGUYEN DUC MINH\AppData\Local\Programs\Microsoft VS Code\bin;C:\Program Files\Azure Data Studio\bin;D:\heroku\bin;C:\Users\NGUYEN DUC MINH\AppData\Roaming\npm;C:\Users\NGUYEN DUC MINH\.dotnet\tools;C:\JAVA\sts-4.21.0.RELEASE;
USERNAME=NGUYEN DUC MINH
OS=Windows_NT
PROCESSOR_IDENTIFIER=Intel64 Family 6 Model 141 Stepping 1, GenuineIntel
TMP=C:\Users\NGUYEN~1\AppData\Local\Temp
TEMP=C:\Users\NGUYEN~1\AppData\Local\Temp



Periodic native trim disabled


---------------  S Y S T E M  ---------------

OS:
 Windows 11 , 64 bit Build 22621 (10.0.22621.3527)
OS uptime: 0 days 0:42 hours

CPU: total 16 (initial active 16) (8 cores per cpu, 2 threads per core) family 6 model 141 stepping 1 microcode 0x4e, cx8, cmov, fxsr, ht, mmx, 3dnowpref, sse, sse2, sse3, ssse3, sse4.1, sse4.2, popcnt, lzcnt, tsc, tscinvbit, avx, avx2, aes, erms, clmul, bmi1, bmi2, adx, avx512f, avx512dq, avx512cd, avx512bw, avx512vl, sha, fma, vzeroupper, avx512_vpopcntdq, avx512_vpclmulqdq, avx512_vaes, avx512_vnni, clflush, clflushopt, clwb, avx512_vbmi2, avx512_vbmi
Processor Information for all 16 processors :
  Max Mhz: 2304, Current Mhz: 2304, Mhz Limit: 2304

Memory: 4k page, system-wide physical 7829M (1224M free)
TotalPageFile size 15712M (AvailPageFile size 1M)
current process WorkingSet (physical memory assigned to process): 74M, peak: 74M
current process commit charge ("private bytes"): 227M, peak: 227M

vm_info: OpenJDK 64-Bit Server VM (17.0.9+9) for windows-amd64 JRE (17.0.9+9), built on Oct 26 2023 14:01:42 by "admin" with MS VC++ 16.10 / 16.11 (VS2019)

END.
